  [1m[36mActiveRecord::SchemaMigration Load (27.0ms)[0m  [1mSELECT "schema_migrations".* FROM "schema_migrations"[0m
  [1m[35mActiveRecord::SchemaMigration Load (1.4ms)[0m  SELECT "schema_migrations".* FROM "schema_migrations"
  [1m[36m (37.4ms)[0m  [1mSELECT t2.oid::regclass::text AS to_table, a1.attname AS column, a2.attname AS primary_key, c.conname AS name, c.confupdtype AS on_update, c.confdeltype AS on_delete
FROM pg_constraint c
JOIN pg_class t1 ON c.conrelid = t1.oid
JOIN pg_class t2 ON c.confrelid = t2.oid
JOIN pg_attribute a1 ON a1.attnum = c.conkey[1] AND a1.attrelid = t1.oid
JOIN pg_attribute a2 ON a2.attnum = c.confkey[1] AND a2.attrelid = t2.oid
JOIN pg_namespace t3 ON c.connamespace = t3.oid
WHERE c.contype = 'f'
  AND t1.relname = 'users'
  AND t3.nspname = ANY (current_schemas(false))
ORDER BY c.conname
[0m
  [1m[36m (113.1ms)[0m  [1mCREATE TABLE "schema_migrations" ("version" character varying NOT NULL) [0m
  [1m[35m (77.9ms)[0m  CREATE UNIQUE INDEX  "unique_schema_migrations" ON "schema_migrations"  ("version")
  [1m[36mActiveRecord::SchemaMigration Load (1.8ms)[0m  [1mSELECT "schema_migrations".* FROM "schema_migrations"[0m
Migrating to DeviseCreateUsers (20160126190647)
  [1m[35m (0.5ms)[0m  BEGIN
  [1m[36m (131.5ms)[0m  [1mCREATE TABLE "users" ("id" serial primary key, "email" character varying DEFAULT '' NOT NULL, "encrypted_password" character varying DEFAULT '' NOT NULL, "reset_password_token" character varying, "reset_password_sent_at" timestamp, "remember_created_at" timestamp, "sign_in_count" integer DEFAULT 0 NOT NULL, "current_sign_in_at" timestamp, "last_sign_in_at" timestamp, "current_sign_in_ip" character varying, "last_sign_in_ip" character varying, "confirmation_token" character varying, "confirmed_at" timestamp, "confirmation_sent_at" timestamp, "unconfirmed_email" character varying, "failed_attempts" integer DEFAULT 0 NOT NULL, "unlock_token" character varying, "locked_at" timestamp, "created_at" timestamp NOT NULL, "updated_at" timestamp NOT NULL) [0m
  [1m[35m (45.0ms)[0m  CREATE UNIQUE INDEX  "index_users_on_email" ON "users"  ("email")
  [1m[36m (36.2ms)[0m  [1mCREATE UNIQUE INDEX  "index_users_on_reset_password_token" ON "users"  ("reset_password_token")[0m
  [1m[35mSQL (1.9ms)[0m  INSERT INTO "schema_migrations" ("version") VALUES ($1)  [["version", "20160126190647"]]
  [1m[36m (19.3ms)[0m  [1mCOMMIT[0m
  [1m[35mActiveRecord::SchemaMigration Load (1.1ms)[0m  SELECT "schema_migrations".* FROM "schema_migrations"
  [1m[36m (9.8ms)[0m  [1mSELECT t2.oid::regclass::text AS to_table, a1.attname AS column, a2.attname AS primary_key, c.conname AS name, c.confupdtype AS on_update, c.confdeltype AS on_delete
FROM pg_constraint c
JOIN pg_class t1 ON c.conrelid = t1.oid
JOIN pg_class t2 ON c.confrelid = t2.oid
JOIN pg_attribute a1 ON a1.attnum = c.conkey[1] AND a1.attrelid = t1.oid
JOIN pg_attribute a2 ON a2.attnum = c.confkey[1] AND a2.attrelid = t2.oid
JOIN pg_namespace t3 ON c.connamespace = t3.oid
WHERE c.contype = 'f'
  AND t1.relname = 'users'
  AND t3.nspname = ANY (current_schemas(false))
ORDER BY c.conname
[0m


Started GET "/" for 127.0.0.1 at 2016-01-29 15:53:32 -0800
  [1m[36mActiveRecord::SchemaMigration Load (1.7ms)[0m  [1mSELECT "schema_migrations".* FROM "schema_migrations"[0m
Processing by WelcomeController#index as HTML
  [1m[35mUser Load (2.5ms)[0m  SELECT  "users".* FROM "users" WHERE "users"."id" = $1  ORDER BY "users"."id" ASC LIMIT 1  [["id", 1]]
  Rendered welcome/index.html.erb within layouts/application (98.0ms)
Completed 200 OK in 4382ms (Views: 4326.1ms | ActiveRecord: 13.9ms)


Started GET "/users/sign_up" for 127.0.0.1 at 2016-01-29 15:53:40 -0800
Processing by Devise::RegistrationsController#new as HTML
  Rendered devise/shared/_links.html.erb (47.3ms)
  Rendered devise/registrations/new.html.erb within layouts/application (247.1ms)
Completed 200 OK in 449ms (Views: 395.4ms | ActiveRecord: 0.0ms)


Started POST "/users" for 127.0.0.1 at 2016-01-29 15:53:47 -0800
Processing by Devise::RegistrationsController#create as HTML
  Parameters: {"utf8"=>"✓", "authenticity_token"=>"4RlqwEhBQZTbY56ikAxr0Db5qT1QpDs/Ch9yU00SegxQiUw46NIj6IViwfljE3uCcnTw8ZpePTqPGRe+CTGy/A==", "user"=>{"email"=>"pygoogle@aol.com", "password"=>"[FILTERED]", "password_confirmation"=>"[FILTERED]"}, "commit"=>"Sign up"}
  [1m[36m (0.7ms)[0m  [1mBEGIN[0m
  [1m[35mUser Exists (2.7ms)[0m  SELECT  1 AS one FROM "users" WHERE "users"."email" = 'pygoogle@aol.com' LIMIT 1
  [1m[36mUser Load (1.0ms)[0m  [1mSELECT  "users".* FROM "users" WHERE "users"."confirmation_token" = $1  ORDER BY "users"."id" ASC LIMIT 1[0m  [["confirmation_token", "17b99f7cdb33654773ab073c420c8d8bf93f2f0602664f1ac4b6a8f2058bdf0e"]]
  [1m[35mSQL (2.2ms)[0m  INSERT INTO "users" ("email", "encrypted_password", "created_at", "updated_at", "confirmation_token", "confirmation_sent_at") VALUES ($1, $2, $3, $4, $5, $6) RETURNING "id"  [["email", "pygoogle@aol.com"], ["encrypted_password", "$2a$10$ySjPX7Qyhs6.YeNMIKt/..G65tt7w9AmPKIEguBPnHWoQBY0yVUdy"], ["created_at", "2016-01-29 23:53:47.859021"], ["updated_at", "2016-01-29 23:53:47.859021"], ["confirmation_token", "NZzdf_zjXyC36qGzw4Te"], ["confirmation_sent_at", "2016-01-29 23:53:48.513801"]]
  Rendered devise/mailer/confirmation_instructions.html.erb (26.6ms)

Devise::Mailer#confirmation_instructions: processed outbound mail in 650.7ms

Sent mail to pygoogle@aol.com (1697.1ms)
Date: Fri, 29 Jan 2016 15:53:49 -0800
From: please-change-me-at-config-initializers-devise@example.com
Reply-To: please-change-me-at-config-initializers-devise@example.com
To: pygoogle@aol.com
Message-ID: <56abfb8d591a9_43a72bcd00c872d@laptop.mail>
Subject: Confirmation instructions
Mime-Version: 1.0
Content-Type: text/html;
 charset=UTF-8
Content-Transfer-Encoding: 7bit

<p>Welcome pygoogle@aol.com!</p>

<p>You can confirm your account email through the link below:</p>

<p><a href="http://localhost:3000/users/confirmation?confirmation_token=NZzdf_zjXyC36qGzw4Te">Confirm my account</a></p>

  [1m[36m (35.5ms)[0m  [1mCOMMIT[0m
Redirected to http://localhost:3000/
Completed 302 Found in 3715ms (ActiveRecord: 42.1ms)


Started GET "/" for 127.0.0.1 at 2016-01-29 15:53:51 -0800
Processing by WelcomeController#index as HTML
  Rendered welcome/index.html.erb within layouts/application (2.1ms)
Completed 200 OK in 92ms (Views: 69.3ms | ActiveRecord: 0.0ms)


Started GET "/users/confirmation?confirmation_token=NZzdf_zjXyC36qGzw4Te" for 127.0.0.1 at 2016-01-29 15:55:20 -0800
Processing by Devise::ConfirmationsController#show as HTML
  Parameters: {"confirmation_token"=>"NZzdf_zjXyC36qGzw4Te"}
  [1m[35mUser Load (1.8ms)[0m  SELECT  "users".* FROM "users" WHERE "users"."confirmation_token" = $1  ORDER BY "users"."id" ASC LIMIT 1  [["confirmation_token", "NZzdf_zjXyC36qGzw4Te"]]
  [1m[36m (6.9ms)[0m  [1mBEGIN[0m
  [1m[35mSQL (1.1ms)[0m  UPDATE "users" SET "confirmed_at" = $1, "updated_at" = $2 WHERE "users"."id" = $3  [["confirmed_at", "2016-01-29 23:55:20.349079"], ["updated_at", "2016-01-29 23:55:20.363233"], ["id", 1]]
  [1m[36m (46.2ms)[0m  [1mCOMMIT[0m
  [1m[35mUser Load (1.0ms)[0m  SELECT  "users".* FROM "users" WHERE "users"."id" = $1  ORDER BY "users"."id" ASC LIMIT 1  [["id", 1]]
Redirected to http://localhost:3000/users/sign_in
Completed 302 Found in 192ms (ActiveRecord: 56.9ms)


Started GET "/users/sign_in" for 127.0.0.1 at 2016-01-29 15:55:21 -0800
Processing by Devise::SessionsController#new as HTML
  Rendered devise/shared/_links.html.erb (185.8ms)
  Rendered devise/sessions/new.html.erb within layouts/application (358.5ms)
Completed 200 OK in 703ms (Views: 677.2ms | ActiveRecord: 0.0ms)


Started POST "/users/sign_in" for 127.0.0.1 at 2016-01-29 15:56:45 -0800
Processing by Devise::SessionsController#create as HTML
  Parameters: {"utf8"=>"✓", "authenticity_token"=>"VyYiNSXBs/hg0U+mJuEuEUd2chIk4ejK6+zy25xZE/L01xX9TdQjYaRFpZ3B2eyqixOGA2bWN/2MqNNkQ2e8TA==", "user"=>{"email"=>"pygoogle@aol.com", "password"=>"[FILTERED]", "remember_me"=>"0"}, "commit"=>"Log in"}
  [1m[36mUser Load (1.3ms)[0m  [1mSELECT  "users".* FROM "users" WHERE "users"."email" = $1  ORDER BY "users"."id" ASC LIMIT 1[0m  [["email", "pygoogle@aol.com"]]
  [1m[35m (0.5ms)[0m  BEGIN
  [1m[36mSQL (1.4ms)[0m  [1mUPDATE "users" SET "last_sign_in_at" = $1, "current_sign_in_at" = $2, "last_sign_in_ip" = $3, "current_sign_in_ip" = $4, "sign_in_count" = $5, "updated_at" = $6 WHERE "users"."id" = $7[0m  [["last_sign_in_at", "2016-01-29 23:56:45.526540"], ["current_sign_in_at", "2016-01-29 23:56:45.526540"], ["last_sign_in_ip", "127.0.0.1"], ["current_sign_in_ip", "127.0.0.1"], ["sign_in_count", 1], ["updated_at", "2016-01-29 23:56:45.531254"], ["id", 1]]
  [1m[35m (43.3ms)[0m  COMMIT
Redirected to http://localhost:3000/
Completed 302 Found in 417ms (ActiveRecord: 46.5ms)


Started GET "/" for 127.0.0.1 at 2016-01-29 15:56:45 -0800
Processing by WelcomeController#index as HTML
  [1m[36mUser Load (1.5ms)[0m  [1mSELECT  "users".* FROM "users" WHERE "users"."id" = $1  ORDER BY "users"."id" ASC LIMIT 1[0m  [["id", 1]]
  Rendered welcome/index.html.erb within layouts/application (9.3ms)
Completed 200 OK in 100ms (Views: 95.9ms | ActiveRecord: 1.5ms)


Started POST "/users/sign_in" for 127.0.0.1 at 2016-01-29 16:01:26 -0800
Processing by Devise::SessionsController#create as HTML
  Parameters: {"utf8"=>"✓", "authenticity_token"=>"1fwtelInLQvjDe9LRF/7ce52mEuBbVqSF5goi8ayk3GEAiBoDgE7cVPr9m0s51eYXrOkCPBlk+M5M3OkkdXjFQ==", "user"=>{"email"=>"pygoogle@aol.com", "password"=>"[FILTERED]", "remember_me"=>"0"}, "commit"=>"Log in"}
  [1m[35mUser Load (1.6ms)[0m  SELECT  "users".* FROM "users" WHERE "users"."id" = $1  ORDER BY "users"."id" ASC LIMIT 1  [["id", 1]]
Redirected to http://localhost:3000/
Filter chain halted as :require_no_authentication rendered or redirected
Completed 302 Found in 13ms (ActiveRecord: 1.6ms)


Started GET "/" for 127.0.0.1 at 2016-01-29 16:01:26 -0800
Processing by WelcomeController#index as HTML
  [1m[36mUser Load (1.8ms)[0m  [1mSELECT  "users".* FROM "users" WHERE "users"."id" = $1  ORDER BY "users"."id" ASC LIMIT 1[0m  [["id", 1]]
  Rendered welcome/index.html.erb within layouts/application (19.6ms)
Completed 200 OK in 110ms (Views: 105.6ms | ActiveRecord: 1.8ms)


Started GET "/users/sign_in" for 127.0.0.1 at 2016-01-29 16:01:37 -0800
Processing by Devise::SessionsController#new as HTML
  [1m[35mUser Load (6.8ms)[0m  SELECT  "users".* FROM "users" WHERE "users"."id" = $1  ORDER BY "users"."id" ASC LIMIT 1  [["id", 1]]
Redirected to http://localhost:3000/
Filter chain halted as :require_no_authentication rendered or redirected
Completed 302 Found in 22ms (ActiveRecord: 6.8ms)


Started GET "/users/edit" for 127.0.0.1 at 2016-01-29 16:01:54 -0800
Processing by Devise::RegistrationsController#edit as HTML
  [1m[36mUser Load (0.7ms)[0m  [1mSELECT  "users".* FROM "users" WHERE "users"."id" = $1  ORDER BY "users"."id" ASC LIMIT 1[0m  [["id", 1]]
  Rendered devise/registrations/edit.html.erb within layouts/application (37.1ms)
Completed 200 OK in 108ms (Views: 101.3ms | ActiveRecord: 0.7ms)
  [1m[36m (138.6ms)[0m  [1mCREATE TABLE "schema_migrations" ("version" character varying NOT NULL) [0m
  [1m[35m (76.8ms)[0m  CREATE UNIQUE INDEX  "unique_schema_migrations" ON "schema_migrations"  ("version")
  [1m[36mActiveRecord::SchemaMigration Load (1.9ms)[0m  [1mSELECT "schema_migrations".* FROM "schema_migrations"[0m
Migrating to DeviseCreateUsers (20160126190647)
  [1m[35m (0.8ms)[0m  BEGIN
  [1m[36m (128.1ms)[0m  [1mCREATE TABLE "users" ("id" serial primary key, "email" character varying DEFAULT '' NOT NULL, "encrypted_password" character varying DEFAULT '' NOT NULL, "reset_password_token" character varying, "reset_password_sent_at" timestamp, "remember_created_at" timestamp, "sign_in_count" integer DEFAULT 0 NOT NULL, "current_sign_in_at" timestamp, "last_sign_in_at" timestamp, "current_sign_in_ip" character varying, "last_sign_in_ip" character varying, "confirmation_token" character varying, "confirmed_at" timestamp, "confirmation_sent_at" timestamp, "unconfirmed_email" character varying, "failed_attempts" integer DEFAULT 0 NOT NULL, "unlock_token" character varying, "locked_at" timestamp, "created_at" timestamp NOT NULL, "updated_at" timestamp NOT NULL) [0m
  [1m[35m (47.3ms)[0m  CREATE UNIQUE INDEX  "index_users_on_email" ON "users"  ("email")
  [1m[36m (45.5ms)[0m  [1mCREATE UNIQUE INDEX  "index_users_on_reset_password_token" ON "users"  ("reset_password_token")[0m
  [1m[35mSQL (1.8ms)[0m  INSERT INTO "schema_migrations" ("version") VALUES ($1)  [["version", "20160126190647"]]
  [1m[36m (17.1ms)[0m  [1mCOMMIT[0m
  [1m[35mActiveRecord::SchemaMigration Load (1.2ms)[0m  SELECT "schema_migrations".* FROM "schema_migrations"
  [1m[36m (9.7ms)[0m  [1mSELECT t2.oid::regclass::text AS to_table, a1.attname AS column, a2.attname AS primary_key, c.conname AS name, c.confupdtype AS on_update, c.confdeltype AS on_delete
FROM pg_constraint c
JOIN pg_class t1 ON c.conrelid = t1.oid
JOIN pg_class t2 ON c.confrelid = t2.oid
JOIN pg_attribute a1 ON a1.attnum = c.conkey[1] AND a1.attrelid = t1.oid
JOIN pg_attribute a2 ON a2.attnum = c.confkey[1] AND a2.attrelid = t2.oid
JOIN pg_namespace t3 ON c.connamespace = t3.oid
WHERE c.contype = 'f'
  AND t1.relname = 'users'
  AND t3.nspname = ANY (current_schemas(false))
ORDER BY c.conname
[0m


Started GET "/" for 127.0.0.1 at 2016-01-29 17:03:09 -0800
  [1m[36mActiveRecord::SchemaMigration Load (1.6ms)[0m  [1mSELECT "schema_migrations".* FROM "schema_migrations"[0m
Processing by WelcomeController#index as HTML
  [1m[35mUser Load (2.2ms)[0m  SELECT  "users".* FROM "users" WHERE "users"."id" = $1  ORDER BY "users"."id" ASC LIMIT 1  [["id", 1]]
  Rendered welcome/index.html.erb within layouts/application (91.2ms)
Completed 200 OK in 1123ms (Views: 1063.8ms | ActiveRecord: 18.5ms)


Started GET "/users/sign_up" for 127.0.0.1 at 2016-01-29 17:03:15 -0800
Processing by Devise::RegistrationsController#new as HTML
  Rendered devise/registrations/new.html.erb within layouts/application (342.9ms)
Completed 500 Internal Server Error in 421ms (ActiveRecord: 0.0ms)

ActionView::Template::Error (undefined method `first_name_field' for #<ActionView::Helpers::FormBuilder:0x007f69a62d02f0>):
    10: 
    11:   <div class="field">
    12:     <%= f.label :first_name %><br />
    13:     <%= f.first_name_field :first_name, autofocus: true %>
    14:   </div>
    15: 
    16:   <div class="field">
  app/views/devise/registrations/new.html.erb:13:in `block in _app_views_devise_registrations_new_html_erb__1828953205053349783_70045868012840'
  app/views/devise/registrations/new.html.erb:3:in `_app_views_devise_registrations_new_html_erb__1828953205053349783_70045868012840'


  Rendered /home/k/.rvm/gems/ruby-2.1.3/gems/actionpack-4.2.5/lib/action_dispatch/middleware/templates/rescues/_source.erb (31.7ms)
  Rendered /home/k/.rvm/gems/ruby-2.1.3/gems/actionpack-4.2.5/lib/action_dispatch/middleware/templates/rescues/_trace.html.erb (14.2ms)
  Rendered /home/k/.rvm/gems/ruby-2.1.3/gems/actionpack-4.2.5/lib/action_dispatch/middleware/templates/rescues/_request_and_response.html.erb (4.2ms)
  Rendered /home/k/.rvm/gems/ruby-2.1.3/gems/actionpack-4.2.5/lib/action_dispatch/middleware/templates/rescues/template_error.html.erb within rescues/layout (96.5ms)
  Rendered /home/k/.rvm/gems/ruby-2.1.3/gems/web-console-2.2.1/lib/web_console/templates/_markup.html.erb (1.4ms)
  Rendered /home/k/.rvm/gems/ruby-2.1.3/gems/web-console-2.2.1/lib/web_console/templates/_inner_console_markup.html.erb within layouts/inlined_string (1.1ms)
  Rendered /home/k/.rvm/gems/ruby-2.1.3/gems/web-console-2.2.1/lib/web_console/templates/_prompt_box_markup.html.erb within layouts/inlined_string (1.2ms)
  Rendered /home/k/.rvm/gems/ruby-2.1.3/gems/web-console-2.2.1/lib/web_console/templates/style.css.erb within layouts/inlined_string (1.3ms)
  Rendered /home/k/.rvm/gems/ruby-2.1.3/gems/web-console-2.2.1/lib/web_console/templates/console.js.erb within layouts/javascript (49.7ms)
  Rendered /home/k/.rvm/gems/ruby-2.1.3/gems/web-console-2.2.1/lib/web_console/templates/main.js.erb within layouts/javascript (2.5ms)
  Rendered /home/k/.rvm/gems/ruby-2.1.3/gems/web-console-2.2.1/lib/web_console/templates/error_page.js.erb within layouts/javascript (1.3ms)
  Rendered /home/k/.rvm/gems/ruby-2.1.3/gems/web-console-2.2.1/lib/web_console/templates/index.html.erb (172.8ms)


Started GET "/users/sign_up" for 127.0.0.1 at 2016-01-29 17:03:17 -0800
Processing by Devise::RegistrationsController#new as HTML
  Rendered devise/registrations/new.html.erb within layouts/application (160.0ms)
Completed 500 Internal Server Error in 180ms (ActiveRecord: 0.0ms)

ActionView::Template::Error (undefined method `first_name_field' for #<ActionView::Helpers::FormBuilder:0x007f69a69786e8>):
    10: 
    11:   <div class="field">
    12:     <%= f.label :first_name %><br />
    13:     <%= f.first_name_field :first_name, autofocus: true %>
    14:   </div>
    15: 
    16:   <div class="field">
  app/views/devise/registrations/new.html.erb:13:in `block in _app_views_devise_registrations_new_html_erb__1828953205053349783_70045868012840'
  app/views/devise/registrations/new.html.erb:3:in `_app_views_devise_registrations_new_html_erb__1828953205053349783_70045868012840'


  Rendered /home/k/.rvm/gems/ruby-2.1.3/gems/actionpack-4.2.5/lib/action_dispatch/middleware/templates/rescues/_source.erb (33.7ms)
  Rendered /home/k/.rvm/gems/ruby-2.1.3/gems/actionpack-4.2.5/lib/action_dispatch/middleware/templates/rescues/_trace.html.erb (23.8ms)
  Rendered /home/k/.rvm/gems/ruby-2.1.3/gems/actionpack-4.2.5/lib/action_dispatch/middleware/templates/rescues/_request_and_response.html.erb (7.8ms)
  Rendered /home/k/.rvm/gems/ruby-2.1.3/gems/actionpack-4.2.5/lib/action_dispatch/middleware/templates/rescues/template_error.html.erb within rescues/layout (100.9ms)
  Rendered /home/k/.rvm/gems/ruby-2.1.3/gems/web-console-2.2.1/lib/web_console/templates/_markup.html.erb (2.9ms)
  Rendered /home/k/.rvm/gems/ruby-2.1.3/gems/web-console-2.2.1/lib/web_console/templates/_inner_console_markup.html.erb within layouts/inlined_string (2.7ms)
  Rendered /home/k/.rvm/gems/ruby-2.1.3/gems/web-console-2.2.1/lib/web_console/templates/_prompt_box_markup.html.erb within layouts/inlined_string (1.3ms)
  Rendered /home/k/.rvm/gems/ruby-2.1.3/gems/web-console-2.2.1/lib/web_console/templates/style.css.erb within layouts/inlined_string (2.4ms)
  Rendered /home/k/.rvm/gems/ruby-2.1.3/gems/web-console-2.2.1/lib/web_console/templates/console.js.erb within layouts/javascript (49.1ms)
  Rendered /home/k/.rvm/gems/ruby-2.1.3/gems/web-console-2.2.1/lib/web_console/templates/main.js.erb within layouts/javascript (2.1ms)
  Rendered /home/k/.rvm/gems/ruby-2.1.3/gems/web-console-2.2.1/lib/web_console/templates/error_page.js.erb within layouts/javascript (1.3ms)
  Rendered /home/k/.rvm/gems/ruby-2.1.3/gems/web-console-2.2.1/lib/web_console/templates/index.html.erb (97.0ms)


Started GET "/users/sign_up" for 127.0.0.1 at 2016-01-29 17:43:58 -0800
Processing by Devise::RegistrationsController#new as HTML
  Rendered devise/registrations/new.html.erb within layouts/application (30.8ms)
Completed 500 Internal Server Error in 47ms (ActiveRecord: 0.0ms)

ActionView::Template::Error (undefined method `first_name' for #<User:0x007f69a60f76b8>):
    10: 
    11:   <div class="field">
    12:     <%= f.label :first_name %><br />
    13:     <%= f.text_field :first_name, autofocus: true %>
    14:   </div>
    15: 
    16:   <div class="field">
  app/views/devise/registrations/new.html.erb:13:in `block in _app_views_devise_registrations_new_html_erb__1828953205053349783_70045867157720'
  app/views/devise/registrations/new.html.erb:3:in `_app_views_devise_registrations_new_html_erb__1828953205053349783_70045867157720'


  Rendered /home/k/.rvm/gems/ruby-2.1.3/gems/actionpack-4.2.5/lib/action_dispatch/middleware/templates/rescues/_source.erb (29.5ms)
  Rendered /home/k/.rvm/gems/ruby-2.1.3/gems/actionpack-4.2.5/lib/action_dispatch/middleware/templates/rescues/_trace.html.erb (11.7ms)
  Rendered /home/k/.rvm/gems/ruby-2.1.3/gems/actionpack-4.2.5/lib/action_dispatch/middleware/templates/rescues/_request_and_response.html.erb (10.3ms)
  Rendered /home/k/.rvm/gems/ruby-2.1.3/gems/actionpack-4.2.5/lib/action_dispatch/middleware/templates/rescues/template_error.html.erb within rescues/layout (80.2ms)
  Rendered /home/k/.rvm/gems/ruby-2.1.3/gems/web-console-2.2.1/lib/web_console/templates/_markup.html.erb (1.4ms)
  Rendered /home/k/.rvm/gems/ruby-2.1.3/gems/web-console-2.2.1/lib/web_console/templates/_inner_console_markup.html.erb within layouts/inlined_string (1.4ms)
  Rendered /home/k/.rvm/gems/ruby-2.1.3/gems/web-console-2.2.1/lib/web_console/templates/_prompt_box_markup.html.erb within layouts/inlined_string (1.5ms)
  Rendered /home/k/.rvm/gems/ruby-2.1.3/gems/web-console-2.2.1/lib/web_console/templates/style.css.erb within layouts/inlined_string (1.9ms)
  Rendered /home/k/.rvm/gems/ruby-2.1.3/gems/web-console-2.2.1/lib/web_console/templates/console.js.erb within layouts/javascript (55.0ms)
  Rendered /home/k/.rvm/gems/ruby-2.1.3/gems/web-console-2.2.1/lib/web_console/templates/main.js.erb within layouts/javascript (2.1ms)
  Rendered /home/k/.rvm/gems/ruby-2.1.3/gems/web-console-2.2.1/lib/web_console/templates/error_page.js.erb within layouts/javascript (1.9ms)
  Rendered /home/k/.rvm/gems/ruby-2.1.3/gems/web-console-2.2.1/lib/web_console/templates/index.html.erb (135.8ms)


Started GET "/users/sign_up" for 127.0.0.1 at 2016-01-29 17:43:59 -0800
Processing by Devise::RegistrationsController#new as HTML
  Rendered devise/registrations/new.html.erb within layouts/application (35.2ms)
Completed 500 Internal Server Error in 76ms (ActiveRecord: 0.0ms)

ActionView::Template::Error (undefined method `first_name' for #<User:0x007f69a5b46318>):
    10: 
    11:   <div class="field">
    12:     <%= f.label :first_name %><br />
    13:     <%= f.text_field :first_name, autofocus: true %>
    14:   </div>
    15: 
    16:   <div class="field">
  app/views/devise/registrations/new.html.erb:13:in `block in _app_views_devise_registrations_new_html_erb__1828953205053349783_70045867157720'
  app/views/devise/registrations/new.html.erb:3:in `_app_views_devise_registrations_new_html_erb__1828953205053349783_70045867157720'


  Rendered /home/k/.rvm/gems/ruby-2.1.3/gems/actionpack-4.2.5/lib/action_dispatch/middleware/templates/rescues/_source.erb (35.4ms)
  Rendered /home/k/.rvm/gems/ruby-2.1.3/gems/actionpack-4.2.5/lib/action_dispatch/middleware/templates/rescues/_trace.html.erb (14.0ms)
  Rendered /home/k/.rvm/gems/ruby-2.1.3/gems/actionpack-4.2.5/lib/action_dispatch/middleware/templates/rescues/_request_and_response.html.erb (3.6ms)
  Rendered /home/k/.rvm/gems/ruby-2.1.3/gems/actionpack-4.2.5/lib/action_dispatch/middleware/templates/rescues/template_error.html.erb within rescues/layout (82.5ms)
  Rendered /home/k/.rvm/gems/ruby-2.1.3/gems/web-console-2.2.1/lib/web_console/templates/_markup.html.erb (2.6ms)
  Rendered /home/k/.rvm/gems/ruby-2.1.3/gems/web-console-2.2.1/lib/web_console/templates/_inner_console_markup.html.erb within layouts/inlined_string (1.4ms)
  Rendered /home/k/.rvm/gems/ruby-2.1.3/gems/web-console-2.2.1/lib/web_console/templates/_prompt_box_markup.html.erb within layouts/inlined_string (2.3ms)
  Rendered /home/k/.rvm/gems/ruby-2.1.3/gems/web-console-2.2.1/lib/web_console/templates/style.css.erb within layouts/inlined_string (1.6ms)
  Rendered /home/k/.rvm/gems/ruby-2.1.3/gems/web-console-2.2.1/lib/web_console/templates/console.js.erb within layouts/javascript (62.5ms)
  Rendered /home/k/.rvm/gems/ruby-2.1.3/gems/web-console-2.2.1/lib/web_console/templates/main.js.erb within layouts/javascript (1.0ms)
  Rendered /home/k/.rvm/gems/ruby-2.1.3/gems/web-console-2.2.1/lib/web_console/templates/error_page.js.erb within layouts/javascript (3.3ms)
  Rendered /home/k/.rvm/gems/ruby-2.1.3/gems/web-console-2.2.1/lib/web_console/templates/index.html.erb (116.5ms)


Started GET "/" for 127.0.0.1 at 2016-01-29 18:03:56 -0800
Processing by WelcomeController#index as HTML
  Rendered welcome/index.html.erb within layouts/application (2.4ms)
Completed 200 OK in 111ms (Views: 105.3ms | ActiveRecord: 0.0ms)
  [1m[36m (98.7ms)[0m  [1mCREATE TABLE "schema_migrations" ("version" character varying NOT NULL) [0m
  [1m[35m (77.3ms)[0m  CREATE UNIQUE INDEX  "unique_schema_migrations" ON "schema_migrations"  ("version")
  [1m[36mActiveRecord::SchemaMigration Load (1.8ms)[0m  [1mSELECT "schema_migrations".* FROM "schema_migrations"[0m
Migrating to DeviseCreateUsers (20160126190647)
  [1m[35m (0.8ms)[0m  BEGIN
  [1m[36m (136.0ms)[0m  [1mCREATE TABLE "users" ("id" serial primary key, "email" character varying DEFAULT '' NOT NULL, "encrypted_password" character varying DEFAULT '' NOT NULL, "reset_password_token" character varying, "reset_password_sent_at" timestamp, "remember_created_at" timestamp, "sign_in_count" integer DEFAULT 0 NOT NULL, "current_sign_in_at" timestamp, "last_sign_in_at" timestamp, "current_sign_in_ip" character varying, "last_sign_in_ip" character varying, "confirmation_token" character varying, "confirmed_at" timestamp, "confirmation_sent_at" timestamp, "unconfirmed_email" character varying, "failed_attempts" integer DEFAULT 0 NOT NULL, "unlock_token" character varying, "locked_at" timestamp, "created_at" timestamp NOT NULL, "updated_at" timestamp NOT NULL) [0m
  [1m[35m (57.5ms)[0m  CREATE UNIQUE INDEX  "index_users_on_email" ON "users"  ("email")
  [1m[36m (45.6ms)[0m  [1mCREATE UNIQUE INDEX  "index_users_on_reset_password_token" ON "users"  ("reset_password_token")[0m
  [1m[35mSQL (1.1ms)[0m  INSERT INTO "schema_migrations" ("version") VALUES ($1)  [["version", "20160126190647"]]
  [1m[36m (21.7ms)[0m  [1mCOMMIT[0m
  [1m[35mActiveRecord::SchemaMigration Load (1.5ms)[0m  SELECT "schema_migrations".* FROM "schema_migrations"
  [1m[36m (10.9ms)[0m  [1mSELECT t2.oid::regclass::text AS to_table, a1.attname AS column, a2.attname AS primary_key, c.conname AS name, c.confupdtype AS on_update, c.confdeltype AS on_delete
FROM pg_constraint c
JOIN pg_class t1 ON c.conrelid = t1.oid
JOIN pg_class t2 ON c.confrelid = t2.oid
JOIN pg_attribute a1 ON a1.attnum = c.conkey[1] AND a1.attrelid = t1.oid
JOIN pg_attribute a2 ON a2.attnum = c.confkey[1] AND a2.attrelid = t2.oid
JOIN pg_namespace t3 ON c.connamespace = t3.oid
WHERE c.contype = 'f'
  AND t1.relname = 'users'
  AND t3.nspname = ANY (current_schemas(false))
ORDER BY c.conname
[0m
  [1m[36mActiveRecord::SchemaMigration Load (2.0ms)[0m  [1mSELECT "schema_migrations".* FROM "schema_migrations"[0m
  [1m[35mActiveRecord::SchemaMigration Load (1.3ms)[0m  SELECT "schema_migrations".* FROM "schema_migrations"
  [1m[36m (10.6ms)[0m  [1mSELECT t2.oid::regclass::text AS to_table, a1.attname AS column, a2.attname AS primary_key, c.conname AS name, c.confupdtype AS on_update, c.confdeltype AS on_delete
FROM pg_constraint c
JOIN pg_class t1 ON c.conrelid = t1.oid
JOIN pg_class t2 ON c.confrelid = t2.oid
JOIN pg_attribute a1 ON a1.attnum = c.conkey[1] AND a1.attrelid = t1.oid
JOIN pg_attribute a2 ON a2.attnum = c.confkey[1] AND a2.attrelid = t2.oid
JOIN pg_namespace t3 ON c.connamespace = t3.oid
WHERE c.contype = 'f'
  AND t1.relname = 'users'
  AND t3.nspname = ANY (current_schemas(false))
ORDER BY c.conname
[0m
  [1m[36mActiveRecord::SchemaMigration Load (2.1ms)[0m  [1mSELECT "schema_migrations".* FROM "schema_migrations"[0m
Migrating to AddNameToUsers (20160130022556)
  [1m[35m (0.7ms)[0m  BEGIN
  [1m[36m (5.9ms)[0m  [1mALTER TABLE "users" ADD "name" character varying[0m
  [1m[35mSQL (1.3ms)[0m  INSERT INTO "schema_migrations" ("version") VALUES ($1)  [["version", "20160130022556"]]
  [1m[36m (65.5ms)[0m  [1mCOMMIT[0m
  [1m[35mActiveRecord::SchemaMigration Load (1.2ms)[0m  SELECT "schema_migrations".* FROM "schema_migrations"
  [1m[36m (9.7ms)[0m  [1mSELECT t2.oid::regclass::text AS to_table, a1.attname AS column, a2.attname AS primary_key, c.conname AS name, c.confupdtype AS on_update, c.confdeltype AS on_delete
FROM pg_constraint c
JOIN pg_class t1 ON c.conrelid = t1.oid
JOIN pg_class t2 ON c.confrelid = t2.oid
JOIN pg_attribute a1 ON a1.attnum = c.conkey[1] AND a1.attrelid = t1.oid
JOIN pg_attribute a2 ON a2.attnum = c.confkey[1] AND a2.attrelid = t2.oid
JOIN pg_namespace t3 ON c.connamespace = t3.oid
WHERE c.contype = 'f'
  AND t1.relname = 'users'
  AND t3.nspname = ANY (current_schemas(false))
ORDER BY c.conname
[0m


Started GET "/" for 127.0.0.1 at 2016-01-29 18:34:50 -0800
  [1m[36mActiveRecord::SchemaMigration Load (1.6ms)[0m  [1mSELECT "schema_migrations".* FROM "schema_migrations"[0m
Processing by WelcomeController#index as HTML
  Rendered welcome/index.html.erb within layouts/application (45.9ms)
Completed 200 OK in 1292ms (Views: 1225.7ms | ActiveRecord: 0.0ms)


Started GET "/users/sign_up" for 127.0.0.1 at 2016-01-29 18:34:52 -0800
Processing by Devise::RegistrationsController#new as HTML
  Rendered devise/shared/_links.html.erb (43.3ms)
  Rendered devise/registrations/new.html.erb within layouts/application (198.5ms)
Completed 200 OK in 350ms (Views: 281.5ms | ActiveRecord: 10.8ms)


Started POST "/users" for 127.0.0.1 at 2016-01-29 18:54:39 -0800
Processing by Devise::RegistrationsController#create as HTML
  Parameters: {"utf8"=>"✓", "authenticity_token"=>"fyDOaBy5QT6JphseaYmFGatx/c1KBRJd1NqoW9SSIh3NV2clJQzdTME6GhTFY+X5CblkJzLTBbCxa7iMq+Xc8Q==", "user"=>{"email"=>"pygoogle@aol.com", "name"=>"PyGoogle", "password"=>"[FILTERED]", "password_confirmation"=>"[FILTERED]"}, "commit"=>"Sign up"}
Unpermitted parameter: name
  [1m[35m (0.4ms)[0m  BEGIN
  [1m[36mUser Exists (77.8ms)[0m  [1mSELECT  1 AS one FROM "users" WHERE "users"."email" = 'pygoogle@aol.com' LIMIT 1[0m
  [1m[35mUser Load (1.3ms)[0m  SELECT  "users".* FROM "users" WHERE "users"."confirmation_token" = $1  ORDER BY "users"."id" ASC LIMIT 1  [["confirmation_token", "883413ced9a6c20e466216b1f4dfcc73adec0b5a5a1fb941369f37fb3780005e"]]
  [1m[36mSQL (2.0ms)[0m  [1mINSERT INTO "users" ("email", "encrypted_password", "created_at", "updated_at", "confirmation_token", "confirmation_sent_at") VALUES ($1, $2, $3, $4, $5, $6) RETURNING "id"[0m  [["email", "pygoogle@aol.com"], ["encrypted_password", "$2a$10$FaTc4dj3ZfG/ng9zYGwSKuRbizkasJfM26cVgKoghPbjbF9AoKrDq"], ["created_at", "2016-01-30 02:54:39.940489"], ["updated_at", "2016-01-30 02:54:39.940489"], ["confirmation_token", "dkE57vauV65Bptsk9Gm6"], ["confirmation_sent_at", "2016-01-30 02:54:40.690647"]]
  Rendered devise/mailer/confirmation_instructions.html.erb (23.5ms)

Devise::Mailer#confirmation_instructions: processed outbound mail in 983.9ms

Sent mail to pygoogle@aol.com (2126.6ms)
Date: Fri, 29 Jan 2016 18:54:41 -0800
From: please-change-me-at-config-initializers-devise@example.com
Reply-To: please-change-me-at-config-initializers-devise@example.com
To: pygoogle@aol.com
Message-ID: <56ac25f1c6832_5bce3fef060306a87105@laptop.mail>
Subject: Confirmation instructions
Mime-Version: 1.0
Content-Type: text/html;
 charset=UTF-8
Content-Transfer-Encoding: 7bit

<p>Welcome pygoogle@aol.com!</p>

<p>You can confirm your account email through the link below:</p>

<p><a href="http://localhost:3000/users/confirmation?confirmation_token=dkE57vauV65Bptsk9Gm6">Confirm my account</a></p>

  [1m[35m (31.6ms)[0m  COMMIT
Redirected to http://localhost:3000/
Completed 302 Found in 4753ms (ActiveRecord: 113.7ms)


Started GET "/" for 127.0.0.1 at 2016-01-29 18:54:44 -0800
Processing by WelcomeController#index as HTML
  Rendered welcome/index.html.erb within layouts/application (3.6ms)
Completed 200 OK in 101ms (Views: 97.3ms | ActiveRecord: 0.0ms)
  [1m[36m (64.5ms)[0m  [1mCREATE TABLE "schema_migrations" ("version" character varying NOT NULL) [0m
  [1m[35m (67.2ms)[0m  CREATE UNIQUE INDEX  "unique_schema_migrations" ON "schema_migrations"  ("version")
  [1m[36mActiveRecord::SchemaMigration Load (2.0ms)[0m  [1mSELECT "schema_migrations".* FROM "schema_migrations"[0m
Migrating to DeviseCreateUsers (20160126190647)
  [1m[35m (0.8ms)[0m  BEGIN
  [1m[36m (108.1ms)[0m  [1mCREATE TABLE "users" ("id" serial primary key, "email" character varying DEFAULT '' NOT NULL, "encrypted_password" character varying DEFAULT '' NOT NULL, "reset_password_token" character varying, "reset_password_sent_at" timestamp, "remember_created_at" timestamp, "sign_in_count" integer DEFAULT 0 NOT NULL, "current_sign_in_at" timestamp, "last_sign_in_at" timestamp, "current_sign_in_ip" character varying, "last_sign_in_ip" character varying, "confirmation_token" character varying, "confirmed_at" timestamp, "confirmation_sent_at" timestamp, "unconfirmed_email" character varying, "failed_attempts" integer DEFAULT 0 NOT NULL, "unlock_token" character varying, "locked_at" timestamp, "created_at" timestamp NOT NULL, "updated_at" timestamp NOT NULL) [0m
  [1m[35m (56.7ms)[0m  CREATE UNIQUE INDEX  "index_users_on_email" ON "users"  ("email")
  [1m[36m (45.7ms)[0m  [1mCREATE UNIQUE INDEX  "index_users_on_reset_password_token" ON "users"  ("reset_password_token")[0m
  [1m[35mSQL (1.2ms)[0m  INSERT INTO "schema_migrations" ("version") VALUES ($1)  [["version", "20160126190647"]]
  [1m[36m (24.6ms)[0m  [1mCOMMIT[0m
Migrating to AddNameToUsers (20160130022556)
  [1m[35m (0.9ms)[0m  BEGIN
  [1m[36m (1.8ms)[0m  [1mALTER TABLE "users" ADD "name" character varying[0m
  [1m[35mSQL (0.9ms)[0m  INSERT INTO "schema_migrations" ("version") VALUES ($1)  [["version", "20160130022556"]]
  [1m[36m (15.8ms)[0m  [1mCOMMIT[0m
  [1m[35mActiveRecord::SchemaMigration Load (1.0ms)[0m  SELECT "schema_migrations".* FROM "schema_migrations"
  [1m[36m (10.2ms)[0m  [1mSELECT t2.oid::regclass::text AS to_table, a1.attname AS column, a2.attname AS primary_key, c.conname AS name, c.confupdtype AS on_update, c.confdeltype AS on_delete
FROM pg_constraint c
JOIN pg_class t1 ON c.conrelid = t1.oid
JOIN pg_class t2 ON c.confrelid = t2.oid
JOIN pg_attribute a1 ON a1.attnum = c.conkey[1] AND a1.attrelid = t1.oid
JOIN pg_attribute a2 ON a2.attnum = c.confkey[1] AND a2.attrelid = t2.oid
JOIN pg_namespace t3 ON c.connamespace = t3.oid
WHERE c.contype = 'f'
  AND t1.relname = 'users'
  AND t3.nspname = ANY (current_schemas(false))
ORDER BY c.conname
[0m


Started GET "/" for 127.0.0.1 at 2016-01-29 18:57:12 -0800
  [1m[36mActiveRecord::SchemaMigration Load (1.6ms)[0m  [1mSELECT "schema_migrations".* FROM "schema_migrations"[0m
Processing by WelcomeController#index as HTML
  Rendered welcome/index.html.erb within layouts/application (18.3ms)
Completed 200 OK in 1002ms (Views: 972.3ms | ActiveRecord: 0.0ms)


Started GET "/users/sign_up" for 127.0.0.1 at 2016-01-29 18:57:16 -0800
Processing by Devise::RegistrationsController#new as HTML
  Rendered devise/shared/_links.html.erb (38.8ms)
  Rendered devise/registrations/new.html.erb within layouts/application (125.4ms)
Completed 200 OK in 281ms (Views: 201.4ms | ActiveRecord: 11.9ms)


Started POST "/users" for 127.0.0.1 at 2016-01-29 19:04:57 -0800
Processing by Devise::RegistrationsController#create as HTML
  Parameters: {"utf8"=>"✓", "authenticity_token"=>"SGVBlvSyYedpTxAvCm4C0rulBt+Tw4XV3iVkN5bmtJr6EujbzQf9lSHTESWmhGIyGW2fNesVkji7lHTg6ZFKdg==", "user"=>{"email"=>"pygoogle@aol.com", "name"=>"PyGoogle", "password"=>"[FILTERED]", "password_confirmation"=>"[FILTERED]"}, "commit"=>"Sign up"}
Unpermitted parameter: name
  [1m[35m (0.4ms)[0m  BEGIN
  [1m[36mUser Exists (3.5ms)[0m  [1mSELECT  1 AS one FROM "users" WHERE "users"."email" = 'pygoogle@aol.com' LIMIT 1[0m
  [1m[35m (1.2ms)[0m  ROLLBACK
  Rendered devise/shared/_links.html.erb (30.0ms)
  Rendered devise/registrations/new.html.erb within layouts/application (68.0ms)
Completed 200 OK in 449ms (Views: 159.1ms | ActiveRecord: 5.1ms)


Started POST "/users" for 127.0.0.1 at 2016-01-29 19:05:32 -0800
Processing by Devise::RegistrationsController#create as HTML
  Parameters: {"utf8"=>"✓", "authenticity_token"=>"vh2uqphgNhkypm48ZBniuYD0t7+fYaYWHTHpxvttOXgMagfnodWqa3o6bzbI84JZIjwuVee3sft4gPkRhBrHlA==", "user"=>{"email"=>"pygoogle@aol.com", "name"=>"PyGoogle", "password"=>"[FILTERED]", "password_confirmation"=>"[FILTERED]"}, "commit"=>"Sign up"}
Unpermitted parameter: name
  [1m[36m (0.8ms)[0m  [1mBEGIN[0m
  [1m[35mUser Exists (1.4ms)[0m  SELECT  1 AS one FROM "users" WHERE "users"."email" = 'pygoogle@aol.com' LIMIT 1
  [1m[36mUser Load (1.5ms)[0m  [1mSELECT  "users".* FROM "users" WHERE "users"."confirmation_token" = $1  ORDER BY "users"."id" ASC LIMIT 1[0m  [["confirmation_token", "8deebff021f530df3e8f45aa7b0494a15e15d2a7710ed34b35cd3b7988bb6311"]]
  [1m[35mSQL (2.3ms)[0m  INSERT INTO "users" ("email", "encrypted_password", "created_at", "updated_at", "confirmation_token", "confirmation_sent_at") VALUES ($1, $2, $3, $4, $5, $6) RETURNING "id"  [["email", "pygoogle@aol.com"], ["encrypted_password", "$2a$10$soTltflFsRQ/s4ji2LVWy.mSyJDBoAYHcWAu59C5WxEsTQiTg/i5u"], ["created_at", "2016-01-30 03:05:32.318627"], ["updated_at", "2016-01-30 03:05:32.318627"], ["confirmation_token", "CXN1tu4DZkkYeAVJc9KN"], ["confirmation_sent_at", "2016-01-30 03:05:33.223681"]]
  Rendered devise/mailer/confirmation_instructions.html.erb (21.7ms)

Devise::Mailer#confirmation_instructions: processed outbound mail in 790.2ms

Sent mail to pygoogle@aol.com (1471.9ms)
Date: Fri, 29 Jan 2016 19:05:34 -0800
From: please-change-me-at-config-initializers-devise@example.com
Reply-To: please-change-me-at-config-initializers-devise@example.com
To: pygoogle@aol.com
Message-ID: <56ac287e1c40e_5efa3f86553d30f45433e@laptop.mail>
Subject: Confirmation instructions
Mime-Version: 1.0
Content-Type: text/html;
 charset=UTF-8
Content-Transfer-Encoding: 7bit

<p>Welcome pygoogle@aol.com!</p>

<p>You can confirm your account email through the link below:</p>

<p><a href="http://localhost:3000/users/confirmation?confirmation_token=CXN1tu4DZkkYeAVJc9KN">Confirm my account</a></p>

  [1m[36m (15.6ms)[0m  [1mCOMMIT[0m
Redirected to http://localhost:3000/
Completed 302 Found in 3551ms (ActiveRecord: 22.5ms)


Started GET "/" for 127.0.0.1 at 2016-01-29 19:05:35 -0800
Processing by WelcomeController#index as HTML
  Rendered welcome/index.html.erb within layouts/application (2.7ms)
Completed 200 OK in 216ms (Views: 205.3ms | ActiveRecord: 0.0ms)


Started GET "/users/confirmation?confirmation_token=dkE57vauV65Bptsk9Gm6" for 127.0.0.1 at 2016-01-29 19:12:06 -0800
Processing by Devise::ConfirmationsController#show as HTML
  Parameters: {"confirmation_token"=>"dkE57vauV65Bptsk9Gm6"}
  [1m[35mUser Load (2.0ms)[0m  SELECT  "users".* FROM "users" WHERE "users"."confirmation_token" = $1  ORDER BY "users"."id" ASC LIMIT 1  [["confirmation_token", "dkE57vauV65Bptsk9Gm6"]]
  [1m[36mUser Load (4.7ms)[0m  [1mSELECT  "users".* FROM "users" WHERE "users"."confirmation_token" = $1  ORDER BY "users"."id" ASC LIMIT 1[0m  [["confirmation_token", "883413ced9a6c20e466216b1f4dfcc73adec0b5a5a1fb941369f37fb3780005e"]]
  Rendered devise/shared/_links.html.erb (85.0ms)
  Rendered devise/confirmations/new.html.erb within layouts/application (166.3ms)
Completed 200 OK in 537ms (Views: 485.0ms | ActiveRecord: 6.7ms)
  [1m[36m (126.0ms)[0m  [1mCREATE TABLE "schema_migrations" ("version" character varying NOT NULL) [0m
  [1m[35m (103.5ms)[0m  CREATE UNIQUE INDEX  "unique_schema_migrations" ON "schema_migrations"  ("version")
  [1m[36mActiveRecord::SchemaMigration Load (1.9ms)[0m  [1mSELECT "schema_migrations".* FROM "schema_migrations"[0m
Migrating to DeviseCreateUsers (20160126190647)
  [1m[35m (0.9ms)[0m  BEGIN
  [1m[36m (120.4ms)[0m  [1mCREATE TABLE "users" ("id" serial primary key, "email" character varying DEFAULT '' NOT NULL, "encrypted_password" character varying DEFAULT '' NOT NULL, "reset_password_token" character varying, "reset_password_sent_at" timestamp, "remember_created_at" timestamp, "sign_in_count" integer DEFAULT 0 NOT NULL, "current_sign_in_at" timestamp, "last_sign_in_at" timestamp, "current_sign_in_ip" character varying, "last_sign_in_ip" character varying, "confirmation_token" character varying, "confirmed_at" timestamp, "confirmation_sent_at" timestamp, "unconfirmed_email" character varying, "failed_attempts" integer DEFAULT 0 NOT NULL, "unlock_token" character varying, "locked_at" timestamp, "created_at" timestamp NOT NULL, "updated_at" timestamp NOT NULL) [0m
  [1m[35m (45.1ms)[0m  CREATE UNIQUE INDEX  "index_users_on_email" ON "users"  ("email")
  [1m[36m (53.4ms)[0m  [1mCREATE UNIQUE INDEX  "index_users_on_reset_password_token" ON "users"  ("reset_password_token")[0m
  [1m[35mSQL (1.2ms)[0m  INSERT INTO "schema_migrations" ("version") VALUES ($1)  [["version", "20160126190647"]]
  [1m[36m (11.6ms)[0m  [1mCOMMIT[0m
Migrating to AddNameToUsers (20160130022556)
  [1m[35m (1.1ms)[0m  BEGIN
  [1m[36m (1.8ms)[0m  [1mALTER TABLE "users" ADD "name" character varying[0m
  [1m[35mSQL (0.9ms)[0m  INSERT INTO "schema_migrations" ("version") VALUES ($1)  [["version", "20160130022556"]]
  [1m[36m (4.8ms)[0m  [1mCOMMIT[0m
  [1m[35mActiveRecord::SchemaMigration Load (1.2ms)[0m  SELECT "schema_migrations".* FROM "schema_migrations"
  [1m[36m (10.0ms)[0m  [1mSELECT t2.oid::regclass::text AS to_table, a1.attname AS column, a2.attname AS primary_key, c.conname AS name, c.confupdtype AS on_update, c.confdeltype AS on_delete
FROM pg_constraint c
JOIN pg_class t1 ON c.conrelid = t1.oid
JOIN pg_class t2 ON c.confrelid = t2.oid
JOIN pg_attribute a1 ON a1.attnum = c.conkey[1] AND a1.attrelid = t1.oid
JOIN pg_attribute a2 ON a2.attnum = c.confkey[1] AND a2.attrelid = t2.oid
JOIN pg_namespace t3 ON c.connamespace = t3.oid
WHERE c.contype = 'f'
  AND t1.relname = 'users'
  AND t3.nspname = ANY (current_schemas(false))
ORDER BY c.conname
[0m


Started GET "/" for 127.0.0.1 at 2016-01-29 19:14:08 -0800
  [1m[36mActiveRecord::SchemaMigration Load (1.6ms)[0m  [1mSELECT "schema_migrations".* FROM "schema_migrations"[0m
Processing by WelcomeController#index as HTML
  Rendered welcome/index.html.erb within layouts/application (21.1ms)
Completed 200 OK in 1607ms (Views: 1541.6ms | ActiveRecord: 0.0ms)


Started GET "/users/sign_up" for 127.0.0.1 at 2016-01-29 19:14:12 -0800
Processing by Devise::RegistrationsController#new as HTML
  Rendered devise/shared/_links.html.erb (39.6ms)
  Rendered devise/registrations/new.html.erb within layouts/application (256.1ms)
Completed 200 OK in 442ms (Views: 367.2ms | ActiveRecord: 14.1ms)


Started POST "/users" for 127.0.0.1 at 2016-01-29 19:14:27 -0800
Processing by Devise::RegistrationsController#create as HTML
  Parameters: {"utf8"=>"✓", "authenticity_token"=>"nxXjG1Y1qtC2g6u/66C/bWqHz1sC9paXBZFsuQBYhdMtYkpWb4A2ov4fqrVHSt+NyE9WsXoggXpgIHxufy97Pw==", "user"=>{"email"=>"pygoogle@aol.com", "name"=>"PyGoogle", "password"=>"[FILTERED]", "password_confirmation"=>"[FILTERED]"}, "commit"=>"Sign up"}
Unpermitted parameter: name
  [1m[35m (0.6ms)[0m  BEGIN
  [1m[36mUser Exists (3.2ms)[0m  [1mSELECT  1 AS one FROM "users" WHERE "users"."email" = 'pygoogle@aol.com' LIMIT 1[0m
  [1m[35mUser Load (1.7ms)[0m  SELECT  "users".* FROM "users" WHERE "users"."confirmation_token" = $1  ORDER BY "users"."id" ASC LIMIT 1  [["confirmation_token", "a28534004876504b2d5907cda55ceab8b5a240d557cb6fc3285b9e71a80261d7"]]
  [1m[36mSQL (18.2ms)[0m  [1mINSERT INTO "users" ("email", "encrypted_password", "created_at", "updated_at", "confirmation_token", "confirmation_sent_at") VALUES ($1, $2, $3, $4, $5, $6) RETURNING "id"[0m  [["email", "pygoogle@aol.com"], ["encrypted_password", "$2a$10$kSwIZoBpM/JSMYLlXtm2cOnfNztZ3P1ECh7ItaJj3wlm1M2LIDYT6"], ["created_at", "2016-01-30 03:14:28.038604"], ["updated_at", "2016-01-30 03:14:28.038604"], ["confirmation_token", "ZdaRLwRxtWQxiG2j3p6i"], ["confirmation_sent_at", "2016-01-30 03:14:28.821868"]]
  Rendered devise/mailer/confirmation_instructions.html.erb (25.2ms)

Devise::Mailer#confirmation_instructions: processed outbound mail in 874.0ms

Sent mail to pygoogle@aol.com (1529.9ms)
Date: Fri, 29 Jan 2016 19:14:29 -0800
From: please-change-me-at-config-initializers-devise@example.com
Reply-To: please-change-me-at-config-initializers-devise@example.com
To: pygoogle@aol.com
Message-ID: <56ac2a95c7960_63882c2064497610@laptop.mail>
Subject: Confirmation instructions
Mime-Version: 1.0
Content-Type: text/html;
 charset=UTF-8
Content-Transfer-Encoding: 7bit

<p>Welcome pygoogle@aol.com!</p>

<p>You can confirm your account email through the link below:</p>

<p><a href="http://localhost:3000/users/confirmation?confirmation_token=ZdaRLwRxtWQxiG2j3p6i">Confirm my account</a></p>

  [1m[35m (22.3ms)[0m  COMMIT
Redirected to http://localhost:3000/
Completed 302 Found in 3898ms (ActiveRecord: 46.8ms)


Started GET "/" for 127.0.0.1 at 2016-01-29 19:14:31 -0800
Processing by WelcomeController#index as HTML
  Rendered welcome/index.html.erb within layouts/application (29.9ms)
Completed 200 OK in 312ms (Views: 300.8ms | ActiveRecord: 0.0ms)


Started GET "/users/confirmation?confirmation_token=ZdaRLwRxtWQxiG2j3p6i" for 127.0.0.1 at 2016-01-29 19:15:14 -0800
Processing by Devise::ConfirmationsController#show as HTML
  Parameters: {"confirmation_token"=>"ZdaRLwRxtWQxiG2j3p6i"}
  [1m[36mUser Load (19.9ms)[0m  [1mSELECT  "users".* FROM "users" WHERE "users"."confirmation_token" = $1  ORDER BY "users"."id" ASC LIMIT 1[0m  [["confirmation_token", "ZdaRLwRxtWQxiG2j3p6i"]]
  [1m[35m (0.7ms)[0m  BEGIN
  [1m[36mSQL (15.1ms)[0m  [1mUPDATE "users" SET "confirmed_at" = $1, "updated_at" = $2 WHERE "users"."id" = $3[0m  [["confirmed_at", "2016-01-30 03:15:15.184635"], ["updated_at", "2016-01-30 03:15:15.187815"], ["id", 1]]
  [1m[35m (52.3ms)[0m  COMMIT
Redirected to http://localhost:3000/users/sign_in
Completed 302 Found in 203ms (ActiveRecord: 88.0ms)


Started GET "/users/sign_in" for 127.0.0.1 at 2016-01-29 19:15:15 -0800
Processing by Devise::SessionsController#new as HTML
  Rendered devise/shared/_links.html.erb (56.9ms)
  Rendered devise/sessions/new.html.erb within layouts/application (169.5ms)
Completed 200 OK in 423ms (Views: 416.5ms | ActiveRecord: 0.0ms)


Started POST "/users/sign_in" for 127.0.0.1 at 2016-01-29 19:18:00 -0800
Processing by Devise::SessionsController#create as HTML
  Parameters: {"utf8"=>"✓", "authenticity_token"=>"nrWO6g4Q0D6GjVjsxOAq+PnShEYe/y/XcsLbezvTvbgswienN6VMTM4RWeZoCkoYWxodrGYpODoXc8usRKRDVA==", "user"=>{"email"=>"pygoogle@aol.com", "password"=>"[FILTERED]", "remember_me"=>"0"}, "commit"=>"Log in"}
  [1m[36mUser Load (1.3ms)[0m  [1mSELECT  "users".* FROM "users" WHERE "users"."email" = $1  ORDER BY "users"."id" ASC LIMIT 1[0m  [["email", "pygoogle@aol.com"]]
  [1m[35m (0.4ms)[0m  BEGIN
  [1m[36mSQL (3.4ms)[0m  [1mUPDATE "users" SET "last_sign_in_at" = $1, "current_sign_in_at" = $2, "last_sign_in_ip" = $3, "current_sign_in_ip" = $4, "sign_in_count" = $5, "updated_at" = $6 WHERE "users"."id" = $7[0m  [["last_sign_in_at", "2016-01-30 03:18:00.753529"], ["current_sign_in_at", "2016-01-30 03:18:00.753529"], ["last_sign_in_ip", "127.0.0.1"], ["current_sign_in_ip", "127.0.0.1"], ["sign_in_count", 1], ["updated_at", "2016-01-30 03:18:00.760779"], ["id", 1]]
  [1m[35m (15.8ms)[0m  COMMIT
Redirected to http://localhost:3000/
Completed 302 Found in 369ms (ActiveRecord: 20.9ms)


Started GET "/" for 127.0.0.1 at 2016-01-29 19:18:00 -0800
Processing by WelcomeController#index as HTML
  [1m[36mUser Load (1.1ms)[0m  [1mSELECT  "users".* FROM "users" WHERE "users"."id" = $1  ORDER BY "users"."id" ASC LIMIT 1[0m  [["id", 1]]
  Rendered welcome/index.html.erb within layouts/application (14.5ms)
Completed 200 OK in 138ms (Views: 135.0ms | ActiveRecord: 1.1ms)


Started GET "/users/edit" for 127.0.0.1 at 2016-01-29 19:21:01 -0800
Processing by Devise::RegistrationsController#edit as HTML
  [1m[35mUser Load (1.1ms)[0m  SELECT  "users".* FROM "users" WHERE "users"."id" = $1  ORDER BY "users"."id" ASC LIMIT 1  [["id", 1]]
  Rendered devise/registrations/edit.html.erb within layouts/application (35.1ms)
Completed 200 OK in 196ms (Views: 188.1ms | ActiveRecord: 1.1ms)


Started GET "/users/edit" for 127.0.0.1 at 2016-01-29 19:30:41 -0800
Processing by Devise::RegistrationsController#edit as HTML
  [1m[36mUser Load (1.5ms)[0m  [1mSELECT  "users".* FROM "users" WHERE "users"."id" = $1  ORDER BY "users"."id" ASC LIMIT 1[0m  [["id", 1]]
  Rendered devise/registrations/edit.html.erb within layouts/application (92.7ms)
Completed 200 OK in 241ms (Views: 217.6ms | ActiveRecord: 1.5ms)


Started GET "/assets/users.self-e3b0c44298fc1c149afbf4c8996fb92427ae41e4649b934ca495991b7852b855.css?body=1" for 127.0.0.1 at 2016-01-29 19:30:41 -0800


Started GET "/assets/welcome.self-e3b0c44298fc1c149afbf4c8996fb92427ae41e4649b934ca495991b7852b855.css?body=1" for 127.0.0.1 at 2016-01-29 19:30:41 -0800


Started GET "/assets/application.self-e80e8f2318043e8af94dddc2adad5a4f09739a8ebb323b3ab31cd71d45fd9113.css?body=1" for 127.0.0.1 at 2016-01-29 19:30:41 -0800


Started GET "/assets/jquery.self-c64a74367bda6ef8b860f19e74df08927ca99d2be2ac934e9e92d5fd361e0da4.js?body=1" for 127.0.0.1 at 2016-01-29 19:30:41 -0800


Started GET "/assets/jquery_ujs.self-d602bdfe68ffc63b9f9cc512872aa3cfff046228a0a36e90dd476e8ef54c1b09.js?body=1" for 127.0.0.1 at 2016-01-29 19:30:41 -0800


Started GET "/assets/turbolinks.self-c37727e9bd6b2735da5c311aa83fead54ed0be6cc8bd9a65309e9c5abe2cbfff.js?body=1" for 127.0.0.1 at 2016-01-29 19:30:41 -0800


Started GET "/assets/users.self-877aef30ae1b040ab8a3aba4e3e309a11d7f2612f44dde450b5c157aa5f95c05.js?body=1" for 127.0.0.1 at 2016-01-29 19:30:41 -0800


Started GET "/assets/welcome.self-877aef30ae1b040ab8a3aba4e3e309a11d7f2612f44dde450b5c157aa5f95c05.js?body=1" for 127.0.0.1 at 2016-01-29 19:30:41 -0800


Started GET "/assets/application.self-3b8dabdc891efe46b9a144b400ad69e37d7e5876bdc39dee783419a69d7ca819.js?body=1" for 127.0.0.1 at 2016-01-29 19:30:41 -0800


Started GET "/users/sign_in" for 127.0.0.1 at 2016-01-29 19:37:46 -0800
Processing by Devise::SessionsController#new as HTML
  [1m[35mUser Load (1.3ms)[0m  SELECT  "users".* FROM "users" WHERE "users"."id" = $1  ORDER BY "users"."id" ASC LIMIT 1  [["id", 1]]
Redirected to http://localhost:3000/
Filter chain halted as :require_no_authentication rendered or redirected
Completed 302 Found in 14ms (ActiveRecord: 1.3ms)


Started GET "/" for 127.0.0.1 at 2016-01-29 19:37:46 -0800
Processing by WelcomeController#index as HTML
  [1m[36mUser Load (1.1ms)[0m  [1mSELECT  "users".* FROM "users" WHERE "users"."id" = $1  ORDER BY "users"."id" ASC LIMIT 1[0m  [["id", 1]]
  Rendered welcome/index.html.erb within layouts/application (12.0ms)
Completed 200 OK in 92ms (Views: 88.5ms | ActiveRecord: 1.1ms)


Started GET "/users/edit" for 127.0.0.1 at 2016-01-29 19:39:30 -0800
Processing by Devise::RegistrationsController#edit as HTML
  [1m[35mUser Load (2.4ms)[0m  SELECT  "users".* FROM "users" WHERE "users"."id" = $1  ORDER BY "users"."id" ASC LIMIT 1  [["id", 1]]
  Rendered devise/registrations/edit.html.erb within layouts/application (50.3ms)
Completed 200 OK in 155ms (Views: 144.1ms | ActiveRecord: 2.4ms)


Started PUT "/users" for 127.0.0.1 at 2016-01-29 19:44:10 -0800
Processing by Devise::RegistrationsController#update as HTML
  Parameters: {"utf8"=>"✓", "authenticity_token"=>"JKIqlWbogEeWSBjXPmYLXqxQ/BQOMdnrExICt2kPwMNf7bnW0YXt739cs2+o9VCkKyX2hURDUyR7jolf1YvjUA==", "user"=>{"name"=>"PyGoogle Again", "email"=>"pygoogle@aol.com", "password"=>"[FILTERED]", "password_confirmation"=>"[FILTERED]", "current_password"=>"[FILTERED]"}, "commit"=>"Update"}
  [1m[36mUser Load (0.7ms)[0m  [1mSELECT  "users".* FROM "users" WHERE "users"."id" = $1  ORDER BY "users"."id" ASC LIMIT 1[0m  [["id", 1]]
  [1m[35mUser Load (1.0ms)[0m  SELECT  "users".* FROM "users" WHERE "users"."id" = $1 LIMIT 1  [["id", 1]]
Unpermitted parameter: name
  [1m[36m (0.5ms)[0m  [1mBEGIN[0m
  [1m[35m (0.6ms)[0m  COMMIT
Redirected to http://localhost:3000/
Completed 302 Found in 402ms (ActiveRecord: 2.8ms)


Started GET "/" for 127.0.0.1 at 2016-01-29 19:44:10 -0800
Processing by WelcomeController#index as HTML
  [1m[36mUser Load (1.0ms)[0m  [1mSELECT  "users".* FROM "users" WHERE "users"."id" = $1  ORDER BY "users"."id" ASC LIMIT 1[0m  [["id", 1]]
  Rendered welcome/index.html.erb within layouts/application (11.5ms)
Completed 200 OK in 93ms (Views: 89.6ms | ActiveRecord: 1.0ms)


Started GET "/users/edit" for 127.0.0.1 at 2016-01-29 19:44:18 -0800
Processing by Devise::RegistrationsController#edit as HTML
  [1m[35mUser Load (1.2ms)[0m  SELECT  "users".* FROM "users" WHERE "users"."id" = $1  ORDER BY "users"."id" ASC LIMIT 1  [["id", 1]]
  Rendered devise/registrations/edit.html.erb within layouts/application (41.6ms)
Completed 200 OK in 128ms (Views: 118.1ms | ActiveRecord: 1.2ms)


Started GET "/users/edit" for 127.0.0.1 at 2016-01-29 20:00:27 -0800
Processing by Devise::RegistrationsController#edit as HTML
  [1m[36mUser Load (1.6ms)[0m  [1mSELECT  "users".* FROM "users" WHERE "users"."id" = $1  ORDER BY "users"."id" ASC LIMIT 1[0m  [["id", 1]]
  Rendered devise/registrations/edit.html.erb within layouts/application (35.7ms)
Completed 200 OK in 204ms (Views: 136.4ms | ActiveRecord: 10.4ms)


Started GET "/assets/users.self-e3b0c44298fc1c149afbf4c8996fb92427ae41e4649b934ca495991b7852b855.css?body=1" for 127.0.0.1 at 2016-01-29 20:00:28 -0800


Started GET "/assets/welcome.self-e3b0c44298fc1c149afbf4c8996fb92427ae41e4649b934ca495991b7852b855.css?body=1" for 127.0.0.1 at 2016-01-29 20:00:28 -0800


Started GET "/assets/turbolinks.self-c37727e9bd6b2735da5c311aa83fead54ed0be6cc8bd9a65309e9c5abe2cbfff.js?body=1" for 127.0.0.1 at 2016-01-29 20:00:28 -0800


Started GET "/assets/jquery.self-c64a74367bda6ef8b860f19e74df08927ca99d2be2ac934e9e92d5fd361e0da4.js?body=1" for 127.0.0.1 at 2016-01-29 20:00:28 -0800


Started GET "/assets/application.self-e80e8f2318043e8af94dddc2adad5a4f09739a8ebb323b3ab31cd71d45fd9113.css?body=1" for 127.0.0.1 at 2016-01-29 20:00:28 -0800


Started GET "/assets/jquery_ujs.self-d602bdfe68ffc63b9f9cc512872aa3cfff046228a0a36e90dd476e8ef54c1b09.js?body=1" for 127.0.0.1 at 2016-01-29 20:00:28 -0800


Started GET "/assets/users.self-877aef30ae1b040ab8a3aba4e3e309a11d7f2612f44dde450b5c157aa5f95c05.js?body=1" for 127.0.0.1 at 2016-01-29 20:00:28 -0800


Started GET "/assets/welcome.self-877aef30ae1b040ab8a3aba4e3e309a11d7f2612f44dde450b5c157aa5f95c05.js?body=1" for 127.0.0.1 at 2016-01-29 20:00:28 -0800


Started GET "/assets/application.self-3b8dabdc891efe46b9a144b400ad69e37d7e5876bdc39dee783419a69d7ca819.js?body=1" for 127.0.0.1 at 2016-01-29 20:00:28 -0800


Started PUT "/users" for 127.0.0.1 at 2016-01-29 20:01:35 -0800
Processing by Devise::RegistrationsController#update as HTML
  Parameters: {"utf8"=>"✓", "authenticity_token"=>"e6ystt72/57/wlIsuFSlERkjitIbC/4Tdw3G2C1FjoQA4z/1aZuSNhbW+ZQux/7rnlaAQ1F5dNwfkU0wkcGtFw==", "user"=>{"name"=>"PyGoogle777", "email"=>"pygoogle@aol.com", "password"=>"[FILTERED]", "password_confirmation"=>"[FILTERED]", "current_password"=>"[FILTERED]"}, "commit"=>"Update"}
  [1m[35mUser Load (0.9ms)[0m  SELECT  "users".* FROM "users" WHERE "users"."id" = $1  ORDER BY "users"."id" ASC LIMIT 1  [["id", 1]]
  [1m[36mUser Load (1.1ms)[0m  [1mSELECT  "users".* FROM "users" WHERE "users"."id" = $1 LIMIT 1[0m  [["id", 1]]
Unpermitted parameter: password_confirmation
  Rendered devise/registrations/edit.html.erb within layouts/application (58.5ms)
Completed 200 OK in 423ms (Views: 210.7ms | ActiveRecord: 2.0ms)


Started PUT "/users" for 127.0.0.1 at 2016-01-29 20:01:47 -0800
Processing by Devise::RegistrationsController#update as HTML
  Parameters: {"utf8"=>"✓", "authenticity_token"=>"fRb/Z3kH425g1ciJPGVqX8ORWhxme1JyGqy8Xl6SbpQGWWwkzmqOxonBYzGq9jGlRORQjSwJ2L1yMDe24hZNBw==", "user"=>{"name"=>"PyGoogle777", "email"=>"pygoogle@aol.com", "password"=>"[FILTERED]", "password_confirmation"=>"[FILTERED]", "current_password"=>"[FILTERED]"}, "commit"=>"Update"}
  [1m[35mUser Load (1.2ms)[0m  SELECT  "users".* FROM "users" WHERE "users"."id" = $1  ORDER BY "users"."id" ASC LIMIT 1  [["id", 1]]
  [1m[36mUser Load (1.5ms)[0m  [1mSELECT  "users".* FROM "users" WHERE "users"."id" = $1 LIMIT 1[0m  [["id", 1]]
Unpermitted parameter: password_confirmation
  [1m[35m (0.3ms)[0m  BEGIN
  [1m[36mSQL (4.2ms)[0m  [1mUPDATE "users" SET "name" = $1, "updated_at" = $2 WHERE "users"."id" = $3[0m  [["name", "PyGoogle777"], ["updated_at", "2016-01-30 04:01:47.940796"], ["id", 1]]
  [1m[35m (31.0ms)[0m  COMMIT
Redirected to http://localhost:3000/
Completed 302 Found in 276ms (ActiveRecord: 38.2ms)


Started GET "/" for 127.0.0.1 at 2016-01-29 20:01:48 -0800
Processing by WelcomeController#index as HTML
  [1m[36mUser Load (1.1ms)[0m  [1mSELECT  "users".* FROM "users" WHERE "users"."id" = $1  ORDER BY "users"."id" ASC LIMIT 1[0m  [["id", 1]]
  Rendered welcome/index.html.erb within layouts/application (10.2ms)
Completed 200 OK in 107ms (Views: 102.9ms | ActiveRecord: 1.1ms)


Started GET "/users/edit" for 127.0.0.1 at 2016-01-29 20:01:53 -0800
Processing by Devise::RegistrationsController#edit as HTML
  [1m[35mUser Load (0.7ms)[0m  SELECT  "users".* FROM "users" WHERE "users"."id" = $1  ORDER BY "users"."id" ASC LIMIT 1  [["id", 1]]
  Rendered devise/registrations/edit.html.erb within layouts/application (40.4ms)
Completed 200 OK in 135ms (Views: 122.3ms | ActiveRecord: 0.7ms)
